# JRE version: Java(TM) SE Runtime Environment (8.0_201-b09) (build 1.8.0_201-b09)
# Java VM: Java HotSpot(TM) 64-Bit Server VM (25.201-b09 mixed mode windows-amd64 compressed oops)
Heap:
 PSYoungGen      total 195584K, used 69211K [0x00000000d5c00000, 0x00000000e8900000, 0x0000000100000000)
  eden space 171520K, 26% used [0x00000000d5c00000,0x00000000d881b7e0,0x00000000e0380000)
  from space 24064K, 99% used [0x00000000e0380000,0x00000000e1afb7d0,0x00000000e1b00000)
  to   space 41472K, 0% used [0x00000000e6080000,0x00000000e6080000,0x00000000e8900000)
 ParOldGen       total 74752K, used 54291K [0x0000000081400000, 0x0000000085d00000, 0x00000000d5c00000)
  object space 74752K, 72% used [0x0000000081400000,0x0000000084904ff8,0x0000000085d00000)
 Metaspace       used 24556K, capacity 25132K, committed 25392K, reserved 1071104K
  class space    used 2845K, capacity 3006K, committed 3120K, reserved 1048576K
GC Heap History (10 events):
Event: 6.749 GC heap before
{Heap before GC invocations=9 (full 1):
 PSYoungGen      total 143360K, used 143345K [0x00000000d5c00000, 0x00000000e2c00000, 0x0000000100000000)
  eden space 131584K, 100% used [0x00000000d5c00000,0x00000000ddc80000,0x00000000ddc80000)
  from space 11776K, 99% used [0x00000000ddc80000,0x00000000de7fc6e0,0x00000000de800000)
  to   space 17408K, 0% used [0x00000000e1b00000,0x00000000e1b00000,0x00000000e2c00000)
 ParOldGen       total 74752K, used 23886K [0x0000000081400000, 0x0000000085d00000, 0x00000000d5c00000)
  object space 74752K, 31% used [0x0000000081400000,0x0000000082b53bd8,0x0000000085d00000)
 Metaspace       used 24065K, capacity 24634K, committed 24752K, reserved 1071104K
  class space    used 2781K, capacity 2968K, committed 2992K, reserved 1048576K
Event: 6.782 GC heap after
Heap after GC invocations=9 (full 1):
 PSYoungGen      total 188928K, used 17384K [0x00000000d5c00000, 0x00000000e4800000, 0x0000000100000000)
  eden space 171520K, 0% used [0x00000000d5c00000,0x00000000d5c00000,0x00000000e0380000)
  from space 17408K, 99% used [0x00000000e1b00000,0x00000000e2bfa018,0x00000000e2c00000)
  to   space 24064K, 0% used [0x00000000e0380000,0x00000000e0380000,0x00000000e1b00000)
 ParOldGen       total 74752K, used 32524K [0x0000000081400000, 0x0000000085d00000, 0x00000000d5c00000)
  object space 74752K, 43% used [0x0000000081400000,0x00000000833c32b0,0x0000000085d00000)
 Metaspace       used 24065K, capacity 24634K, committed 24752K, reserved 1071104K
  class space    used 2781K, capacity 2968K, committed 2992K, reserved 1048576K
}
Event: 7.321 GC heap before
{Heap before GC invocations=10 (full 1):
 PSYoungGen      total 188928K, used 188904K [0x00000000d5c00000, 0x00000000e4800000, 0x0000000100000000)
  eden space 171520K, 100% used [0x00000000d5c00000,0x00000000e0380000,0x00000000e0380000)
  from space 17408K, 99% used [0x00000000e1b00000,0x00000000e2bfa018,0x00000000e2c00000)
  to   space 24064K, 0% used [0x00000000e0380000,0x00000000e0380000,0x00000000e1b00000)
 ParOldGen       total 74752K, used 32524K [0x0000000081400000, 0x0000000085d00000, 0x00000000d5c00000)
  object space 74752K, 43% used [0x0000000081400000,0x00000000833c32b0,0x0000000085d00000)
 Metaspace       used 24084K, capacity 24776K, committed 25008K, reserved 1071104K
  class space    used 2784K, capacity 2970K, committed 2992K, reserved 1048576K
Event: 7.359 GC heap after
Heap after GC invocations=10 (full 1):
 PSYoungGen      total 195584K, used 24054K [0x00000000d5c00000, 0x00000000e4800000, 0x0000000100000000)
  eden space 171520K, 0% used [0x00000000d5c00000,0x00000000d5c00000,0x00000000e0380000)
  from space 24064K, 99% used [0x00000000e0380000,0x00000000e1afd848,0x00000000e1b00000)
  to   space 17408K, 0% used [0x00000000e1b00000,0x00000000e1b00000,0x00000000e2c00000)
 ParOldGen       total 74752K, used 42952K [0x0000000081400000, 0x0000000085d00000, 0x00000000d5c00000)
  object space 74752K, 57% used [0x0000000081400000,0x0000000083df2108,0x0000000085d00000)
 Metaspace       used 24084K, capacity 24776K, committed 25008K, reserved 1071104K
  class space    used 2784K, capacity 2970K, committed 2992K, reserved 1048576K
}
Event: 7.972 GC heap before
{Heap before GC invocations=11 (full 1):
 PSYoungGen      total 195584K, used 195574K [0x00000000d5c00000, 0x00000000e4800000, 0x0000000100000000)
  eden space 171520K, 100% used [0x00000000d5c00000,0x00000000e0380000,0x00000000e0380000)
  from space 24064K, 99% used [0x00000000e0380000,0x00000000e1afd848,0x00000000e1b00000)
  to   space 17408K, 0% used [0x00000000e1b00000,0x00000000e1b00000,0x00000000e2c00000)
 ParOldGen       total 74752K, used 42952K [0x0000000081400000, 0x0000000085d00000, 0x00000000d5c00000)
  object space 74752K, 57% used [0x0000000081400000,0x0000000083df2108,0x0000000085d00000)
 Metaspace       used 24086K, capacity 24776K, committed 25008K, reserved 1071104K
  class space    used 2784K, capacity 2970K, committed 2992K, reserved 1048576K
Event: 8.009 GC heap after
Heap after GC invocations=11 (full 1):
 PSYoungGen      total 188928K, used 17378K [0x00000000d5c00000, 0x00000000e4800000, 0x0000000100000000)
  eden space 171520K, 0% used [0x00000000d5c00000,0x00000000d5c00000,0x00000000e0380000)
  from space 17408K, 99% used [0x00000000e1b00000,0x00000000e2bf8b98,0x00000000e2c00000)
  to   space 24064K, 0% used [0x00000000e0380000,0x00000000e0380000,0x00000000e1b00000)
 ParOldGen       total 74752K, used 64020K [0x0000000081400000, 0x0000000085d00000, 0x00000000d5c00000)
  object space 74752K, 85% used [0x0000000081400000,0x00000000852851f0,0x0000000085d00000)
 Metaspace       used 24086K, capacity 24776K, committed 25008K, reserved 1071104K
  class space    used 2784K, capacity 2970K, committed 2992K, reserved 1048576K
}
Event: 8.009 GC heap before
{Heap before GC invocations=12 (full 2):
 PSYoungGen      total 188928K, used 17378K [0x00000000d5c00000, 0x00000000e4800000, 0x0000000100000000)
  eden space 171520K, 0% used [0x00000000d5c00000,0x00000000d5c00000,0x00000000e0380000)
  from space 17408K, 99% used [0x00000000e1b00000,0x00000000e2bf8b98,0x00000000e2c00000)
  to   space 24064K, 0% used [0x00000000e0380000,0x00000000e0380000,0x00000000e1b00000)
 ParOldGen       total 74752K, used 64020K [0x0000000081400000, 0x0000000085d00000, 0x00000000d5c00000)
  object space 74752K, 85% used [0x0000000081400000,0x00000000852851f0,0x0000000085d00000)
 Metaspace       used 24086K, capacity 24776K, committed 25008K, reserved 1071104K
  class space    used 2784K, capacity 2970K, committed 2992K, reserved 1048576K
Event: 8.158 GC heap after
Heap after GC invocations=12 (full 2):
 PSYoungGen      total 188928K, used 0K [0x00000000d5c00000, 0x00000000e4800000, 0x0000000100000000)
  eden space 171520K, 0% used [0x00000000d5c00000,0x00000000d5c00000,0x00000000e0380000)
  from space 17408K, 0% used [0x00000000e1b00000,0x00000000e1b00000,0x00000000e2c00000)
  to   space 24064K, 0% used [0x00000000e0380000,0x00000000e0380000,0x00000000e1b00000)
 ParOldGen       total 74752K, used 50043K [0x0000000081400000, 0x0000000085d00000, 0x00000000d5c00000)
  object space 74752K, 66% used [0x0000000081400000,0x00000000844dee08,0x0000000085d00000)
 Metaspace       used 24086K, capacity 24776K, committed 25008K, reserved 1071104K
  class space    used 2784K, capacity 2970K, committed 2992K, reserved 1048576K
}
Event: 8.652 GC heap before
{Heap before GC invocations=13 (full 2):
 PSYoungGen      total 188928K, used 171520K [0x00000000d5c00000, 0x00000000e4800000, 0x0000000100000000)
  eden space 171520K, 100% used [0x00000000d5c00000,0x00000000e0380000,0x00000000e0380000)
  from space 17408K, 0% used [0x00000000e1b00000,0x00000000e1b00000,0x00000000e2c00000)
  to   space 24064K, 0% used [0x00000000e0380000,0x00000000e0380000,0x00000000e1b00000)
 ParOldGen       total 74752K, used 50043K [0x0000000081400000, 0x0000000085d00000, 0x00000000d5c00000)
  object space 74752K, 66% used [0x0000000081400000,0x00000000844dee08,0x0000000085d00000)
 Metaspace       used 24089K, capacity 24776K, committed 25008K, reserved 1071104K
  class space    used 2784K, capacity 2970K, committed 2992K, reserved 1048576K
Event: 8.678 GC heap after
Heap after GC invocations=13 (full 2):
 PSYoungGen      total 195584K, used 24045K [0x00000000d5c00000, 0x00000000e8900000, 0x0000000100000000)
  eden space 171520K, 0% used [0x00000000d5c00000,0x00000000d5c00000,0x00000000e0380000)
  from space 24064K, 99% used [0x00000000e0380000,0x00000000e1afb7d0,0x00000000e1b00000)
  to   space 41472K, 0% used [0x00000000e6080000,0x00000000e6080000,0x00000000e8900000)
 ParOldGen       total 74752K, used 54291K [0x0000000081400000, 0x0000000085d00000, 0x00000000d5c00000)
  object space 74752K, 72% used [0x0000000081400000,0x0000000084904ff8,0x0000000085d00000)
 Metaspace       used 24089K, capacity 24776K, committed 25008K, reserved 1071104K
  class space    used 2784K, capacity 2970K, committed 2992K, reserved 1048576K
}

