# JRE version: Java(TM) SE Runtime Environment (8.0_201-b09) (build 1.8.0_201-b09)
# Java VM: Java HotSpot(TM) 64-Bit Server VM (25.201-b09 mixed mode windows-amd64 compressed oops)
Heap:
 PSYoungGen      total 217088K, used 116432K [0x00000000d5c00000, 0x00000000e7800000, 0x0000000100000000)
  eden space 204800K, 50% used [0x00000000d5c00000,0x00000000dc1b85d0,0x00000000e2400000)
  from space 12288K, 99% used [0x00000000e6c00000,0x00000000e77fbc08,0x00000000e7800000)
  to   space 18432K, 0% used [0x00000000e5400000,0x00000000e5400000,0x00000000e6600000)
 ParOldGen       total 68608K, used 22228K [0x0000000081400000, 0x0000000085700000, 0x00000000d5c00000)
  object space 68608K, 32% used [0x0000000081400000,0x00000000829b5198,0x0000000085700000)
 Metaspace       used 23906K, capacity 24456K, committed 24752K, reserved 1071104K
  class space    used 2774K, capacity 2933K, committed 2992K, reserved 1048576K
GC Heap History (10 events):
Event: 7.005 GC heap before
{Heap before GC invocations=3 (full 0):
 PSYoungGen      total 71680K, used 71679K [0x00000000d5c00000, 0x00000000da700000, 0x0000000100000000)
  eden space 66560K, 100% used [0x00000000d5c00000,0x00000000d9d00000,0x00000000d9d00000)
  from space 5120K, 99% used [0x00000000da200000,0x00000000da6ffc90,0x00000000da700000)
  to   space 5120K, 0% used [0x00000000d9d00000,0x00000000d9d00000,0x00000000da200000)
 ParOldGen       total 87552K, used 1400K [0x0000000081400000, 0x0000000086980000, 0x00000000d5c00000)
  object space 87552K, 1% used [0x0000000081400000,0x000000008155e078,0x0000000086980000)
 Metaspace       used 15980K, capacity 16326K, committed 16640K, reserved 1064960K
  class space    used 1915K, capacity 2011K, committed 2048K, reserved 1048576K
Event: 7.021 GC heap after
Heap after GC invocations=3 (full 0):
 PSYoungGen      total 71680K, used 5112K [0x00000000d5c00000, 0x00000000de800000, 0x0000000100000000)
  eden space 66560K, 0% used [0x00000000d5c00000,0x00000000d5c00000,0x00000000d9d00000)
  from space 5120K, 99% used [0x00000000d9d00000,0x00000000da1fe050,0x00000000da200000)
  to   space 5120K, 0% used [0x00000000de300000,0x00000000de300000,0x00000000de800000)
 ParOldGen       total 87552K, used 6782K [0x0000000081400000, 0x0000000086980000, 0x00000000d5c00000)
  object space 87552K, 7% used [0x0000000081400000,0x0000000081a9fba0,0x0000000086980000)
 Metaspace       used 15980K, capacity 16326K, committed 16640K, reserved 1064960K
  class space    used 1915K, capacity 2011K, committed 2048K, reserved 1048576K
}
Event: 8.918 GC heap before
{Heap before GC invocations=4 (full 0):
 PSYoungGen      total 71680K, used 71672K [0x00000000d5c00000, 0x00000000de800000, 0x0000000100000000)
  eden space 66560K, 100% used [0x00000000d5c00000,0x00000000d9d00000,0x00000000d9d00000)
  from space 5120K, 99% used [0x00000000d9d00000,0x00000000da1fe050,0x00000000da200000)
  to   space 5120K, 0% used [0x00000000de300000,0x00000000de300000,0x00000000de800000)
 ParOldGen       total 87552K, used 6782K [0x0000000081400000, 0x0000000086980000, 0x00000000d5c00000)
  object space 87552K, 7% used [0x0000000081400000,0x0000000081a9fba0,0x0000000086980000)
 Metaspace       used 17548K, capacity 17984K, committed 18304K, reserved 1064960K
  class space    used 2037K, capacity 2158K, committed 2176K, reserved 1048576K
Event: 8.963 GC heap after
Heap after GC invocations=4 (full 0):
 PSYoungGen      total 138240K, used 5112K [0x00000000d5c00000, 0x00000000de800000, 0x0000000100000000)
  eden space 133120K, 0% used [0x00000000d5c00000,0x00000000d5c00000,0x00000000dde00000)
  from space 5120K, 99% used [0x00000000de300000,0x00000000de7fe030,0x00000000de800000)
  to   space 5120K, 0% used [0x00000000dde00000,0x00000000dde00000,0x00000000de300000)
 ParOldGen       total 87552K, used 10879K [0x0000000081400000, 0x0000000086980000, 0x00000000d5c00000)
  object space 87552K, 12% used [0x0000000081400000,0x0000000081e9fe18,0x0000000086980000)
 Metaspace       used 17548K, capacity 17984K, committed 18304K, reserved 1064960K
  class space    used 2037K, capacity 2158K, committed 2176K, reserved 1048576K
}
Event: 10.363 GC heap before
{Heap before GC invocations=5 (full 0):
 PSYoungGen      total 138240K, used 50512K [0x00000000d5c00000, 0x00000000de800000, 0x0000000100000000)
  eden space 133120K, 34% used [0x00000000d5c00000,0x00000000d8856110,0x00000000dde00000)
  from space 5120K, 99% used [0x00000000de300000,0x00000000de7fe030,0x00000000de800000)
  to   space 5120K, 0% used [0x00000000dde00000,0x00000000dde00000,0x00000000de300000)
 ParOldGen       total 87552K, used 10879K [0x0000000081400000, 0x0000000086980000, 0x00000000d5c00000)
  object space 87552K, 12% used [0x0000000081400000,0x0000000081e9fe18,0x0000000086980000)
 Metaspace       used 20728K, capacity 21188K, committed 21296K, reserved 1069056K
  class space    used 2425K, capacity 2590K, committed 2608K, reserved 1048576K
Event: 10.410 GC heap after
Heap after GC invocations=5 (full 0):
 PSYoungGen      total 138240K, used 5096K [0x00000000d5c00000, 0x00000000e7800000, 0x0000000100000000)
  eden space 133120K, 0% used [0x00000000d5c00000,0x00000000d5c00000,0x00000000dde00000)
  from space 5120K, 99% used [0x00000000dde00000,0x00000000de2fa020,0x00000000de300000)
  to   space 12288K, 0% used [0x00000000e6c00000,0x00000000e6c00000,0x00000000e7800000)
 ParOldGen       total 87552K, used 15078K [0x0000000081400000, 0x0000000086980000, 0x00000000d5c00000)
  object space 87552K, 17% used [0x0000000081400000,0x00000000822b9b80,0x0000000086980000)
 Metaspace       used 20728K, capacity 21188K, committed 21296K, reserved 1069056K
  class space    used 2425K, capacity 2590K, committed 2608K, reserved 1048576K
}
Event: 10.410 GC heap before
{Heap before GC invocations=6 (full 1):
 PSYoungGen      total 138240K, used 5096K [0x00000000d5c00000, 0x00000000e7800000, 0x0000000100000000)
  eden space 133120K, 0% used [0x00000000d5c00000,0x00000000d5c00000,0x00000000dde00000)
  from space 5120K, 99% used [0x00000000dde00000,0x00000000de2fa020,0x00000000de300000)
  to   space 12288K, 0% used [0x00000000e6c00000,0x00000000e6c00000,0x00000000e7800000)
 ParOldGen       total 87552K, used 15078K [0x0000000081400000, 0x0000000086980000, 0x00000000d5c00000)
  object space 87552K, 17% used [0x0000000081400000,0x00000000822b9b80,0x0000000086980000)
 Metaspace       used 20728K, capacity 21188K, committed 21296K, reserved 1069056K
  class space    used 2425K, capacity 2590K, committed 2608K, reserved 1048576K
Event: 10.563 GC heap after
Heap after GC invocations=6 (full 1):
 PSYoungGen      total 138240K, used 0K [0x00000000d5c00000, 0x00000000e7800000, 0x0000000100000000)
  eden space 133120K, 0% used [0x00000000d5c00000,0x00000000d5c00000,0x00000000dde00000)
  from space 5120K, 0% used [0x00000000dde00000,0x00000000dde00000,0x00000000de300000)
  to   space 12288K, 0% used [0x00000000e6c00000,0x00000000e6c00000,0x00000000e7800000)
 ParOldGen       total 68608K, used 13960K [0x0000000081400000, 0x0000000085700000, 0x00000000d5c00000)
  object space 68608K, 20% used [0x0000000081400000,0x00000000821a2138,0x0000000085700000)
 Metaspace       used 20728K, capacity 21188K, committed 21296K, reserved 1069056K
  class space    used 2425K, capacity 2590K, committed 2608K, reserved 1048576K
}
Event: 13.486 GC heap before
{Heap before GC invocations=7 (full 1):
 PSYoungGen      total 138240K, used 133120K [0x00000000d5c00000, 0x00000000e7800000, 0x0000000100000000)
  eden space 133120K, 100% used [0x00000000d5c00000,0x00000000dde00000,0x00000000dde00000)
  from space 5120K, 0% used [0x00000000dde00000,0x00000000dde00000,0x00000000de300000)
  to   space 12288K, 0% used [0x00000000e6c00000,0x00000000e6c00000,0x00000000e7800000)
 ParOldGen       total 68608K, used 13960K [0x0000000081400000, 0x0000000085700000, 0x00000000d5c00000)
  object space 68608K, 20% used [0x0000000081400000,0x00000000821a2138,0x0000000085700000)
 Metaspace       used 23900K, capacity 24456K, committed 24752K, reserved 1071104K
  class space    used 2774K, capacity 2933K, committed 2992K, reserved 1048576K
Event: 13.509 GC heap after
Heap after GC invocations=7 (full 1):
 PSYoungGen      total 217088K, used 12271K [0x00000000d5c00000, 0x00000000e7800000, 0x0000000100000000)
  eden space 204800K, 0% used [0x00000000d5c00000,0x00000000d5c00000,0x00000000e2400000)
  from space 12288K, 99% used [0x00000000e6c00000,0x00000000e77fbc08,0x00000000e7800000)
  to   space 18432K, 0% used [0x00000000e5400000,0x00000000e5400000,0x00000000e6600000)
 ParOldGen       total 68608K, used 22228K [0x0000000081400000, 0x0000000085700000, 0x00000000d5c00000)
  object space 68608K, 32% used [0x0000000081400000,0x00000000829b5198,0x0000000085700000)
 Metaspace       used 23900K, capacity 24456K, committed 24752K, reserved 1071104K
  class space    used 2774K, capacity 2933K, committed 2992K, reserved 1048576K
}

