# JRE version: Java(TM) SE Runtime Environment (8.0_201-b09) (build 1.8.0_201-b09)
# Java VM: Java HotSpot(TM) 64-Bit Server VM (25.201-b09 mixed mode windows-amd64 compressed oops)
Heap:
 PSYoungGen      total 283648K, used 261161K [0x00000000d5c00000, 0x00000000ed200000, 0x0000000100000000)
  eden space 251904K, 100% used [0x00000000d5c00000,0x00000000e5200000,0x00000000e5200000)
  from space 31744K, 29% used [0x00000000eb300000,0x00000000ebc0a6b0,0x00000000ed200000)
  to   space 18432K, 99% used [0x00000000e5200000,0x00000000e63fea88,0x00000000e6400000)
 ParOldGen       total 163328K, used 70270K [0x0000000081400000, 0x000000008b380000, 0x00000000d5c00000)
  object space 163328K, 43% used [0x0000000081400000,0x00000000858a4938,0x000000008b380000)
 Metaspace       used 28656K, capacity 29308K, committed 29568K, reserved 1075200K
  class space    used 3387K, capacity 3586K, committed 3712K, reserved 1048576K
GC Heap History (10 events):
Event: 4.671 GC heap after
Heap after GC invocations=6 (full 1):
 PSYoungGen      total 138240K, used 0K [0x00000000d5c00000, 0x00000000e7600000, 0x0000000100000000)
  eden space 133120K, 0% used [0x00000000d5c00000,0x00000000d5c00000,0x00000000dde00000)
  from space 5120K, 0% used [0x00000000dde00000,0x00000000dde00000,0x00000000de300000)
  to   space 11264K, 0% used [0x00000000e6b00000,0x00000000e6b00000,0x00000000e7600000)
 ParOldGen       total 67072K, used 12316K [0x0000000081400000, 0x0000000085580000, 0x00000000d5c00000)
  object space 67072K, 18% used [0x0000000081400000,0x0000000082007090,0x0000000085580000)
 Metaspace       used 20648K, capacity 21094K, committed 21296K, reserved 1069056K
  class space    used 2478K, capacity 2617K, committed 2688K, reserved 1048576K
}
Event: 7.735 GC heap before
{Heap before GC invocations=7 (full 1):
 PSYoungGen      total 138240K, used 133120K [0x00000000d5c00000, 0x00000000e7600000, 0x0000000100000000)
  eden space 133120K, 100% used [0x00000000d5c00000,0x00000000dde00000,0x00000000dde00000)
  from space 5120K, 0% used [0x00000000dde00000,0x00000000dde00000,0x00000000de300000)
  to   space 11264K, 0% used [0x00000000e6b00000,0x00000000e6b00000,0x00000000e7600000)
 ParOldGen       total 67072K, used 12316K [0x0000000081400000, 0x0000000085580000, 0x00000000d5c00000)
  object space 67072K, 18% used [0x0000000081400000,0x0000000082007090,0x0000000085580000)
 Metaspace       used 28573K, capacity 29166K, committed 29184K, reserved 1075200K
  class space    used 3383K, capacity 3584K, committed 3584K, reserved 1048576K
Event: 7.762 GC heap after
Heap after GC invocations=7 (full 1):
 PSYoungGen      total 211968K, used 11255K [0x00000000d5c00000, 0x00000000e7600000, 0x0000000100000000)
  eden space 200704K, 0% used [0x00000000d5c00000,0x00000000d5c00000,0x00000000e2000000)
  from space 11264K, 99% used [0x00000000e6b00000,0x00000000e75fdca0,0x00000000e7600000)
  to   space 18432K, 0% used [0x00000000e5200000,0x00000000e5200000,0x00000000e6400000)
 ParOldGen       total 67072K, used 22740K [0x0000000081400000, 0x0000000085580000, 0x00000000d5c00000)
  object space 67072K, 33% used [0x0000000081400000,0x0000000082a352f0,0x0000000085580000)
 Metaspace       used 28573K, capacity 29166K, committed 29184K, reserved 1075200K
  class space    used 3383K, capacity 3584K, committed 3584K, reserved 1048576K
}
Event: 8.797 GC heap before
{Heap before GC invocations=8 (full 1):
 PSYoungGen      total 211968K, used 211959K [0x00000000d5c00000, 0x00000000e7600000, 0x0000000100000000)
  eden space 200704K, 100% used [0x00000000d5c00000,0x00000000e2000000,0x00000000e2000000)
  from space 11264K, 99% used [0x00000000e6b00000,0x00000000e75fdca0,0x00000000e7600000)
  to   space 18432K, 0% used [0x00000000e5200000,0x00000000e5200000,0x00000000e6400000)
 ParOldGen       total 67072K, used 22740K [0x0000000081400000, 0x0000000085580000, 0x00000000d5c00000)
  object space 67072K, 33% used [0x0000000081400000,0x0000000082a352f0,0x0000000085580000)
 Metaspace       used 28628K, capacity 29230K, committed 29440K, reserved 1075200K
  class space    used 3384K, capacity 3584K, committed 3584K, reserved 1048576K
Event: 8.839 GC heap after
Heap after GC invocations=8 (full 1):
 PSYoungGen      total 270336K, used 18429K [0x00000000d5c00000, 0x00000000ed200000, 0x0000000100000000)
  eden space 251904K, 0% used [0x00000000d5c00000,0x00000000d5c00000,0x00000000e5200000)
  from space 18432K, 99% used [0x00000000e5200000,0x00000000e63ff7b8,0x00000000e6400000)
  to   space 31744K, 0% used [0x00000000eb300000,0x00000000eb300000,0x00000000ed200000)
 ParOldGen       total 67072K, used 43027K [0x0000000081400000, 0x0000000085580000, 0x00000000d5c00000)
  object space 67072K, 64% used [0x0000000081400000,0x0000000083e04cf0,0x0000000085580000)
 Metaspace       used 28628K, capacity 29230K, committed 29440K, reserved 1075200K
  class space    used 3384K, capacity 3584K, committed 3584K, reserved 1048576K
}
Event: 9.985 GC heap before
{Heap before GC invocations=9 (full 1):
 PSYoungGen      total 270336K, used 270333K [0x00000000d5c00000, 0x00000000ed200000, 0x0000000100000000)
  eden space 251904K, 100% used [0x00000000d5c00000,0x00000000e5200000,0x00000000e5200000)
  from space 18432K, 99% used [0x00000000e5200000,0x00000000e63ff7b8,0x00000000e6400000)
  to   space 31744K, 0% used [0x00000000eb300000,0x00000000eb300000,0x00000000ed200000)
 ParOldGen       total 67072K, used 43027K [0x0000000081400000, 0x0000000085580000, 0x00000000d5c00000)
  object space 67072K, 64% used [0x0000000081400000,0x0000000083e04cf0,0x0000000085580000)
 Metaspace       used 28647K, capacity 29244K, committed 29568K, reserved 1075200K
  class space    used 3386K, capacity 3586K, committed 3712K, reserved 1048576K
Event: 10.041 GC heap after
Heap after GC invocations=9 (full 1):
 PSYoungGen      total 283648K, used 31729K [0x00000000d5c00000, 0x00000000ed200000, 0x0000000100000000)
  eden space 251904K, 0% used [0x00000000d5c00000,0x00000000d5c00000,0x00000000e5200000)
  from space 31744K, 99% used [0x00000000eb300000,0x00000000ed1fc600,0x00000000ed200000)
  to   space 18432K, 0% used [0x00000000e5200000,0x00000000e5200000,0x00000000e6400000)
 ParOldGen       total 67072K, used 63783K [0x0000000081400000, 0x0000000085580000, 0x00000000d5c00000)
  object space 67072K, 95% used [0x0000000081400000,0x0000000085249e68,0x0000000085580000)
 Metaspace       used 28647K, capacity 29244K, committed 29568K, reserved 1075200K
  class space    used 3386K, capacity 3586K, committed 3712K, reserved 1048576K
}
Event: 10.042 GC heap before
{Heap before GC invocations=10 (full 2):
 PSYoungGen      total 283648K, used 31729K [0x00000000d5c00000, 0x00000000ed200000, 0x0000000100000000)
  eden space 251904K, 0% used [0x00000000d5c00000,0x00000000d5c00000,0x00000000e5200000)
  from space 31744K, 99% used [0x00000000eb300000,0x00000000ed1fc600,0x00000000ed200000)
  to   space 18432K, 0% used [0x00000000e5200000,0x00000000e5200000,0x00000000e6400000)
 ParOldGen       total 67072K, used 63783K [0x0000000081400000, 0x0000000085580000, 0x00000000d5c00000)
  object space 67072K, 95% used [0x0000000081400000,0x0000000085249e68,0x0000000085580000)
 Metaspace       used 28647K, capacity 29244K, committed 29568K, reserved 1075200K
  class space    used 3386K, capacity 3586K, committed 3712K, reserved 1048576K
Event: 10.283 GC heap after
Heap after GC invocations=10 (full 2):
 PSYoungGen      total 283648K, used 9257K [0x00000000d5c00000, 0x00000000ed200000, 0x0000000100000000)
  eden space 251904K, 0% used [0x00000000d5c00000,0x00000000d5c00000,0x00000000e5200000)
  from space 31744K, 29% used [0x00000000eb300000,0x00000000ebc0a6b0,0x00000000ed200000)
  to   space 18432K, 0% used [0x00000000e5200000,0x00000000e5200000,0x00000000e6400000)
 ParOldGen       total 163328K, used 66975K [0x0000000081400000, 0x000000008b380000, 0x00000000d5c00000)
  object space 163328K, 41% used [0x0000000081400000,0x0000000085567fe8,0x000000008b380000)
 Metaspace       used 28647K, capacity 29244K, committed 29568K, reserved 1075200K
  class space    used 3386K, capacity 3586K, committed 3712K, reserved 1048576K
}
Event: 11.428 GC heap before
{Heap before GC invocations=11 (full 2):
 PSYoungGen      total 283648K, used 261161K [0x00000000d5c00000, 0x00000000ed200000, 0x0000000100000000)
  eden space 251904K, 100% used [0x00000000d5c00000,0x00000000e5200000,0x00000000e5200000)
  from space 31744K, 29% used [0x00000000eb300000,0x00000000ebc0a6b0,0x00000000ed200000)
  to   space 18432K, 0% used [0x00000000e5200000,0x00000000e5200000,0x00000000e6400000)
 ParOldGen       total 163328K, used 66975K [0x0000000081400000, 0x000000008b380000, 0x00000000d5c00000)
  object space 163328K, 41% used [0x0000000081400000,0x0000000085567fe8,0x000000008b380000)
 Metaspace       used 28656K, capacity 29308K, committed 29568K, reserved 1075200K
  class space    used 3387K, capacity 3586K, committed 3712K, reserved 1048576K

